<component name="libraryTable">
  <library name="junit-4.10-javadoc">
    <CLASSES>
      <root url="jar://$PROJECT_DIR$/lib_managed/docs/junit/junit/junit-4.10-javadoc.jar!/" />
    </CLASSES>
    <JAVADOC />
    <SOURCES />
  </library>
</component>