<component name="libraryTable">
  <library name="junit-4.10-sources">
    <CLASSES>
      <root url="jar://$PROJECT_DIR$/lib_managed/srcs/junit/junit/junit-4.10-sources.jar!/" />
    </CLASSES>
    <JAVADOC />
    <SOURCES />
  </library>
</component>